[0.819s] Invoking command in '/home/luke/Thesis/SwarmExploration_ws/src/swarm_slam': PYTHONPATH=/home/luke/Thesis/SwarmExploration_ws/build/swarm_slam/prefix_override:/home/luke/Thesis/SwarmExploration_ws/install/swarm_slam/lib/python3.8/site-packages:${PYTHONPATH} /usr/bin/python3 -W ignore:setup.py install is deprecated setup.py egg_info --egg-base ../../build/swarm_slam build --build-base /home/luke/Thesis/SwarmExploration_ws/build/swarm_slam/build install --record /home/luke/Thesis/SwarmExploration_ws/build/swarm_slam/install.log --single-version-externally-managed install_data
[1.015s] running egg_info
[1.016s] writing ../../build/swarm_slam/swarm_slam.egg-info/PKG-INFO
[1.016s] writing dependency_links to ../../build/swarm_slam/swarm_slam.egg-info/dependency_links.txt
[1.016s] writing entry points to ../../build/swarm_slam/swarm_slam.egg-info/entry_points.txt
[1.016s] writing requirements to ../../build/swarm_slam/swarm_slam.egg-info/requires.txt
[1.016s] writing top-level names to ../../build/swarm_slam/swarm_slam.egg-info/top_level.txt
[1.040s] reading manifest file '../../build/swarm_slam/swarm_slam.egg-info/SOURCES.txt'
[1.040s] writing manifest file '../../build/swarm_slam/swarm_slam.egg-info/SOURCES.txt'
[1.040s] running build
[1.041s] running build_py
[1.041s] running install
[1.042s] running install_lib
[1.043s] running install_data
[1.043s] copying package.xml -> /home/luke/Thesis/SwarmExploration_ws/install/swarm_slam/share/swarm_slam
[1.045s] copying launch/swarm_slam.launch.py -> /home/luke/Thesis/SwarmExploration_ws/install/swarm_slam/share/swarm_slam
[1.045s] running install_egg_info
[1.047s] removing '/home/luke/Thesis/SwarmExploration_ws/install/swarm_slam/lib/python3.8/site-packages/swarm_slam-1.0.0-py3.8.egg-info' (and everything under it)
[1.047s] Copying ../../build/swarm_slam/swarm_slam.egg-info to /home/luke/Thesis/SwarmExploration_ws/install/swarm_slam/lib/python3.8/site-packages/swarm_slam-1.0.0-py3.8.egg-info
[1.047s] running install_scripts
[1.061s] Installing multi_robot_slam script to /home/luke/Thesis/SwarmExploration_ws/install/swarm_slam/bin
[1.061s] writing list of installed files to '/home/luke/Thesis/SwarmExploration_ws/build/swarm_slam/install.log'
[1.073s] Invoked command in '/home/luke/Thesis/SwarmExploration_ws/src/swarm_slam' returned '0': PYTHONPATH=/home/luke/Thesis/SwarmExploration_ws/build/swarm_slam/prefix_override:/home/luke/Thesis/SwarmExploration_ws/install/swarm_slam/lib/python3.8/site-packages:${PYTHONPATH} /usr/bin/python3 -W ignore:setup.py install is deprecated setup.py egg_info --egg-base ../../build/swarm_slam build --build-base /home/luke/Thesis/SwarmExploration_ws/build/swarm_slam/build install --record /home/luke/Thesis/SwarmExploration_ws/build/swarm_slam/install.log --single-version-externally-managed install_data
