[0.301s] DEBUG:colcon:Command line arguments: ['/usr/bin/colcon', 'build', '--symlink-install', '--allow-overriding', 'swarm_slam']
[0.301s] DEBUG:colcon:Parsed command line arguments: Namespace(allow_overriding=['swarm_slam'], ament_cmake_args=None, base_paths=['.'], build_base='build', catkin_cmake_args=None, catkin_skip_building_tests=False, cmake_args=None, cmake_clean_cache=False, cmake_clean_first=False, cmake_force_configure=False, cmake_target=None, cmake_target_skip_unavailable=False, continue_on_error=False, event_handlers=None, executor='parallel', ignore_user_meta=False, install_base='install', log_base=None, log_level=None, main=<bound method BuildVerb.main of <colcon_core.verb.build.BuildVerb object at 0x7f42a4479ac0>>, merge_install=False, metas=['./colcon.meta'], packages_above=None, packages_above_and_dependencies=None, packages_above_depth=None, packages_end=None, packages_ignore=None, packages_ignore_regex=None, packages_select=None, packages_select_build_failed=False, packages_select_by_dep=None, packages_select_regex=None, packages_select_test_failures=False, packages_skip=None, packages_skip_build_finished=False, packages_skip_by_dep=None, packages_skip_regex=None, packages_skip_test_passed=False, packages_skip_up_to=None, packages_start=None, packages_up_to=None, packages_up_to_regex=None, parallel_workers=16, paths=None, symlink_install=True, test_result_base=None, verb_extension=<colcon_core.verb.build.BuildVerb object at 0x7f42a4479ac0>, verb_name='build', verb_parser=<colcon_defaults.argument_parser.defaults.DefaultArgumentsDecorator object at 0x7f42a4329b20>)
[0.525s] Level 1:colcon.colcon_core.package_discovery:discover_packages(colcon_meta) check parameters
[0.525s] Level 1:colcon.colcon_core.package_discovery:discover_packages(recursive) check parameters
[0.525s] Level 1:colcon.colcon_core.package_discovery:discover_packages(ignore) check parameters
[0.525s] Level 1:colcon.colcon_core.package_discovery:discover_packages(path) check parameters
[0.525s] Level 1:colcon.colcon_core.package_discovery:discover_packages(colcon_meta) discover
[0.525s] Level 1:colcon.colcon_core.package_discovery:discover_packages(recursive) discover
[0.525s] INFO:colcon.colcon_core.package_discovery:Crawling recursively for packages in '/home/luke/Thesis/SwarmExploration_ws'
[0.525s] Level 1:colcon.colcon_core.package_identification:_identify(.) by extensions ['ignore', 'ignore_ament_install']
[0.526s] Level 1:colcon.colcon_core.package_identification:_identify(.) by extension 'ignore'
[0.526s] Level 1:colcon.colcon_core.package_identification:_identify(.) by extension 'ignore_ament_install'
[0.526s] Level 1:colcon.colcon_core.package_identification:_identify(.) by extensions ['colcon_pkg']
[0.526s] Level 1:colcon.colcon_core.package_identification:_identify(.) by extension 'colcon_pkg'
[0.526s] Level 1:colcon.colcon_core.package_identification:_identify(.) by extensions ['colcon_meta']
[0.526s] Level 1:colcon.colcon_core.package_identification:_identify(.) by extension 'colcon_meta'
[0.526s] Level 1:colcon.colcon_core.package_identification:_identify(.) by extensions ['ros']
[0.526s] Level 1:colcon.colcon_core.package_identification:_identify(.) by extension 'ros'
[0.541s] Level 1:colcon.colcon_core.package_identification:_identify(.) by extensions ['cmake', 'python']
[0.542s] Level 1:colcon.colcon_core.package_identification:_identify(.) by extension 'cmake'
[0.542s] Level 1:colcon.colcon_core.package_identification:_identify(.) by extension 'python'
[0.542s] Level 1:colcon.colcon_core.package_identification:_identify(.) by extensions ['python_setup_py']
[0.542s] Level 1:colcon.colcon_core.package_identification:_identify(.) by extension 'python_setup_py'
[0.542s] Level 1:colcon.colcon_core.package_identification:_identify(build) by extensions ['ignore', 'ignore_ament_install']
[0.542s] Level 1:colcon.colcon_core.package_identification:_identify(build) by extension 'ignore'
[0.542s] Level 1:colcon.colcon_core.package_identification:_identify(build) ignored
[0.542s] Level 1:colcon.colcon_core.package_identification:_identify(install) by extensions ['ignore', 'ignore_ament_install']
[0.542s] Level 1:colcon.colcon_core.package_identification:_identify(install) by extension 'ignore'
[0.542s] Level 1:colcon.colcon_core.package_identification:_identify(install) ignored
[0.543s] Level 1:colcon.colcon_core.package_identification:_identify(log) by extensions ['ignore', 'ignore_ament_install']
[0.543s] Level 1:colcon.colcon_core.package_identification:_identify(log) by extension 'ignore'
[0.543s] Level 1:colcon.colcon_core.package_identification:_identify(log) ignored
[0.543s] Level 1:colcon.colcon_core.package_identification:_identify(src) by extensions ['ignore', 'ignore_ament_install']
[0.543s] Level 1:colcon.colcon_core.package_identification:_identify(src) by extension 'ignore'
[0.543s] Level 1:colcon.colcon_core.package_identification:_identify(src) by extension 'ignore_ament_install'
[0.543s] Level 1:colcon.colcon_core.package_identification:_identify(src) by extensions ['colcon_pkg']
[0.543s] Level 1:colcon.colcon_core.package_identification:_identify(src) by extension 'colcon_pkg'
[0.543s] Level 1:colcon.colcon_core.package_identification:_identify(src) by extensions ['colcon_meta']
[0.543s] Level 1:colcon.colcon_core.package_identification:_identify(src) by extension 'colcon_meta'
[0.543s] Level 1:colcon.colcon_core.package_identification:_identify(src) by extensions ['ros']
[0.543s] Level 1:colcon.colcon_core.package_identification:_identify(src) by extension 'ros'
[0.543s] Level 1:colcon.colcon_core.package_identification:_identify(src) by extensions ['cmake', 'python']
[0.543s] Level 1:colcon.colcon_core.package_identification:_identify(src) by extension 'cmake'
[0.543s] Level 1:colcon.colcon_core.package_identification:_identify(src) by extension 'python'
[0.543s] Level 1:colcon.colcon_core.package_identification:_identify(src) by extensions ['python_setup_py']
[0.543s] Level 1:colcon.colcon_core.package_identification:_identify(src) by extension 'python_setup_py'
[0.544s] Level 1:colcon.colcon_core.package_identification:_identify(src/swarm_slam) by extensions ['ignore', 'ignore_ament_install']
[0.544s] Level 1:colcon.colcon_core.package_identification:_identify(src/swarm_slam) by extension 'ignore'
[0.544s] Level 1:colcon.colcon_core.package_identification:_identify(src/swarm_slam) by extension 'ignore_ament_install'
[0.544s] Level 1:colcon.colcon_core.package_identification:_identify(src/swarm_slam) by extensions ['colcon_pkg']
[0.544s] Level 1:colcon.colcon_core.package_identification:_identify(src/swarm_slam) by extension 'colcon_pkg'
[0.544s] Level 1:colcon.colcon_core.package_identification:_identify(src/swarm_slam) by extensions ['colcon_meta']
[0.544s] Level 1:colcon.colcon_core.package_identification:_identify(src/swarm_slam) by extension 'colcon_meta'
[0.544s] Level 1:colcon.colcon_core.package_identification:_identify(src/swarm_slam) by extensions ['ros']
[0.544s] Level 1:colcon.colcon_core.package_identification:_identify(src/swarm_slam) by extension 'ros'
[0.547s] DEBUG:colcon.colcon_core.package_identification:Package 'src/swarm_slam' with type 'ros.ament_python' and name 'swarm_slam'
[0.547s] Level 1:colcon.colcon_core.package_discovery:discover_packages(recursive) using defaults
[0.547s] Level 1:colcon.colcon_core.package_discovery:discover_packages(ignore) discover
[0.547s] Level 1:colcon.colcon_core.package_discovery:discover_packages(ignore) using defaults
[0.547s] Level 1:colcon.colcon_core.package_discovery:discover_packages(path) discover
[0.547s] Level 1:colcon.colcon_core.package_discovery:discover_packages(path) using defaults
[0.586s] Level 1:colcon.colcon_core.package_discovery:discover_packages(prefix_path) check parameters
[0.587s] Level 1:colcon.colcon_core.package_discovery:discover_packages(prefix_path) discover
[0.590s] DEBUG:colcon.colcon_installed_package_information.package_discovery:Found 12 installed packages in /home/luke/turtlebot3_ws/install
[0.591s] DEBUG:colcon.colcon_installed_package_information.package_discovery:Found 18 installed packages in /home/luke/ROS2swarm/install
[0.593s] DEBUG:colcon.colcon_installed_package_information.package_discovery:Found 336 installed packages in /opt/ros/foxy
[0.595s] Level 1:colcon.colcon_core.package_discovery:discover_packages(prefix_path) using defaults
[0.673s] Level 5:colcon.colcon_core.verb:set package 'swarm_slam' build argument 'cmake_args' from command line to 'None'
[0.673s] Level 5:colcon.colcon_core.verb:set package 'swarm_slam' build argument 'cmake_target' from command line to 'None'
[0.674s] Level 5:colcon.colcon_core.verb:set package 'swarm_slam' build argument 'cmake_target_skip_unavailable' from command line to 'False'
[0.674s] Level 5:colcon.colcon_core.verb:set package 'swarm_slam' build argument 'cmake_clean_cache' from command line to 'False'
[0.674s] Level 5:colcon.colcon_core.verb:set package 'swarm_slam' build argument 'cmake_clean_first' from command line to 'False'
[0.674s] Level 5:colcon.colcon_core.verb:set package 'swarm_slam' build argument 'cmake_force_configure' from command line to 'False'
[0.674s] Level 5:colcon.colcon_core.verb:set package 'swarm_slam' build argument 'ament_cmake_args' from command line to 'None'
[0.674s] Level 5:colcon.colcon_core.verb:set package 'swarm_slam' build argument 'catkin_cmake_args' from command line to 'None'
[0.674s] Level 5:colcon.colcon_core.verb:set package 'swarm_slam' build argument 'catkin_skip_building_tests' from command line to 'False'
[0.674s] DEBUG:colcon.colcon_core.verb:Building package 'swarm_slam' with the following arguments: {'ament_cmake_args': None, 'build_base': '/home/luke/Thesis/SwarmExploration_ws/build/swarm_slam', 'catkin_cmake_args': None, 'catkin_skip_building_tests': False, 'cmake_args': None, 'cmake_clean_cache': False, 'cmake_clean_first': False, 'cmake_force_configure': False, 'cmake_target': None, 'cmake_target_skip_unavailable': False, 'install_base': '/home/luke/Thesis/SwarmExploration_ws/install/swarm_slam', 'merge_install': False, 'path': '/home/luke/Thesis/SwarmExploration_ws/src/swarm_slam', 'symlink_install': True, 'test_result_base': None}
[0.674s] INFO:colcon.colcon_core.executor:Executing jobs using 'parallel' executor
[0.675s] DEBUG:colcon.colcon_parallel_executor.executor.parallel:run_until_complete
[0.675s] INFO:colcon.colcon_ros.task.ament_python.build:Building ROS package in '/home/luke/Thesis/SwarmExploration_ws/src/swarm_slam' with build type 'ament_python'
[0.676s] Level 1:colcon.colcon_core.shell:create_environment_hook('swarm_slam', 'ament_prefix_path')
[0.679s] INFO:colcon.colcon_core.plugin_system:Skipping extension 'colcon_core.shell.bat': Not used on non-Windows systems
[0.679s] INFO:colcon.colcon_core.shell:Creating environment hook '/home/luke/Thesis/SwarmExploration_ws/install/swarm_slam/share/swarm_slam/hook/ament_prefix_path.ps1'
[0.680s] INFO:colcon.colcon_core.shell:Creating environment descriptor '/home/luke/Thesis/SwarmExploration_ws/install/swarm_slam/share/swarm_slam/hook/ament_prefix_path.dsv'
[0.680s] INFO:colcon.colcon_core.shell:Creating environment hook '/home/luke/Thesis/SwarmExploration_ws/install/swarm_slam/share/swarm_slam/hook/ament_prefix_path.sh'
[0.682s] INFO:colcon.colcon_core.shell:Skip shell extension 'powershell' for command environment: Not usable outside of PowerShell
[0.682s] DEBUG:colcon.colcon_core.shell:Skip shell extension 'dsv' for command environment
[1.075s] INFO:colcon.colcon_core.task.python.build:Building Python package in '/home/luke/Thesis/SwarmExploration_ws/src/swarm_slam'
[1.075s] INFO:colcon.colcon_core.shell:Skip shell extension 'powershell' for command environment: Not usable outside of PowerShell
[1.076s] DEBUG:colcon.colcon_core.shell:Skip shell extension 'dsv' for command environment
[1.756s] DEBUG:colcon.colcon_core.event_handler.log_command:Invoking command in '/home/luke/Thesis/SwarmExploration_ws/build/swarm_slam': PYTHONPATH=/home/luke/Thesis/SwarmExploration_ws/build/swarm_slam/prefix_override:/home/luke/Thesis/SwarmExploration_ws/install/swarm_slam/lib/python3.8/site-packages:${PYTHONPATH} /usr/bin/python3 -W ignore:setup.py install is deprecated setup.py develop --editable --build-directory /home/luke/Thesis/SwarmExploration_ws/build/swarm_slam/build --no-deps symlink_data
[2.477s] Level 1:colcon.colcon_core.shell:create_environment_hook('swarm_slam', 'pythonpath_develop')
[2.478s] INFO:colcon.colcon_core.shell:Creating environment hook '/home/luke/Thesis/SwarmExploration_ws/build/swarm_slam/share/swarm_slam/hook/pythonpath_develop.ps1'
[2.479s] DEBUG:colcon.colcon_core.event_handler.log_command:Invoked command in '/home/luke/Thesis/SwarmExploration_ws/build/swarm_slam' returned '0': PYTHONPATH=/home/luke/Thesis/SwarmExploration_ws/build/swarm_slam/prefix_override:/home/luke/Thesis/SwarmExploration_ws/install/swarm_slam/lib/python3.8/site-packages:${PYTHONPATH} /usr/bin/python3 -W ignore:setup.py install is deprecated setup.py develop --editable --build-directory /home/luke/Thesis/SwarmExploration_ws/build/swarm_slam/build --no-deps symlink_data
[2.479s] INFO:colcon.colcon_core.shell:Creating environment descriptor '/home/luke/Thesis/SwarmExploration_ws/build/swarm_slam/share/swarm_slam/hook/pythonpath_develop.dsv'
[2.479s] INFO:colcon.colcon_core.shell:Creating environment hook '/home/luke/Thesis/SwarmExploration_ws/build/swarm_slam/share/swarm_slam/hook/pythonpath_develop.sh'
[2.483s] Level 1:colcon.colcon_core.environment:checking '/home/luke/Thesis/SwarmExploration_ws/install/swarm_slam' for CMake module files
[2.484s] Level 1:colcon.colcon_core.environment:checking '/home/luke/Thesis/SwarmExploration_ws/install/swarm_slam' for CMake config files
[2.485s] Level 1:colcon.colcon_core.environment:checking '/home/luke/Thesis/SwarmExploration_ws/install/swarm_slam/lib'
[2.486s] Level 1:colcon.colcon_core.environment:checking '/home/luke/Thesis/SwarmExploration_ws/install/swarm_slam/bin'
[2.486s] Level 1:colcon.colcon_core.shell:create_environment_hook('swarm_slam', 'path')
[2.486s] INFO:colcon.colcon_core.shell:Creating environment hook '/home/luke/Thesis/SwarmExploration_ws/install/swarm_slam/share/swarm_slam/hook/path.ps1'
[2.487s] INFO:colcon.colcon_core.shell:Creating environment descriptor '/home/luke/Thesis/SwarmExploration_ws/install/swarm_slam/share/swarm_slam/hook/path.dsv'
[2.487s] INFO:colcon.colcon_core.shell:Creating environment hook '/home/luke/Thesis/SwarmExploration_ws/install/swarm_slam/share/swarm_slam/hook/path.sh'
[2.488s] Level 1:colcon.colcon_core.environment:checking '/home/luke/Thesis/SwarmExploration_ws/install/swarm_slam/lib/pkgconfig/swarm_slam.pc'
[2.488s] Level 1:colcon.colcon_core.environment:checking '/home/luke/Thesis/SwarmExploration_ws/install/swarm_slam/lib/python3.8/site-packages'
[2.488s] Level 1:colcon.colcon_core.shell:create_environment_hook('swarm_slam', 'pythonpath')
[2.488s] INFO:colcon.colcon_core.shell:Creating environment hook '/home/luke/Thesis/SwarmExploration_ws/install/swarm_slam/share/swarm_slam/hook/pythonpath.ps1'
[2.489s] INFO:colcon.colcon_core.shell:Creating environment descriptor '/home/luke/Thesis/SwarmExploration_ws/install/swarm_slam/share/swarm_slam/hook/pythonpath.dsv'
[2.489s] INFO:colcon.colcon_core.shell:Creating environment hook '/home/luke/Thesis/SwarmExploration_ws/install/swarm_slam/share/swarm_slam/hook/pythonpath.sh'
[2.489s] Level 1:colcon.colcon_core.environment:checking '/home/luke/Thesis/SwarmExploration_ws/install/swarm_slam/bin'
[2.490s] Level 1:colcon.colcon_core.shell:create_environment_hook('swarm_slam', 'pythonscriptspath')
[2.490s] INFO:colcon.colcon_core.shell:Creating environment hook '/home/luke/Thesis/SwarmExploration_ws/install/swarm_slam/share/swarm_slam/hook/pythonscriptspath.ps1'
[2.490s] INFO:colcon.colcon_core.shell:Creating environment descriptor '/home/luke/Thesis/SwarmExploration_ws/install/swarm_slam/share/swarm_slam/hook/pythonscriptspath.dsv'
[2.490s] INFO:colcon.colcon_core.shell:Creating environment hook '/home/luke/Thesis/SwarmExploration_ws/install/swarm_slam/share/swarm_slam/hook/pythonscriptspath.sh'
[2.491s] Level 1:colcon.colcon_core.environment:create_environment_scripts_only(swarm_slam)
[2.491s] INFO:colcon.colcon_core.shell:Creating package script '/home/luke/Thesis/SwarmExploration_ws/install/swarm_slam/share/swarm_slam/package.ps1'
[2.492s] INFO:colcon.colcon_core.shell:Creating package descriptor '/home/luke/Thesis/SwarmExploration_ws/install/swarm_slam/share/swarm_slam/package.dsv'
[2.493s] INFO:colcon.colcon_core.shell:Creating package script '/home/luke/Thesis/SwarmExploration_ws/install/swarm_slam/share/swarm_slam/package.sh'
[2.494s] INFO:colcon.colcon_core.shell:Creating package script '/home/luke/Thesis/SwarmExploration_ws/install/swarm_slam/share/swarm_slam/package.bash'
[2.494s] INFO:colcon.colcon_core.shell:Creating package script '/home/luke/Thesis/SwarmExploration_ws/install/swarm_slam/share/swarm_slam/package.zsh'
[2.495s] Level 1:colcon.colcon_core.environment:create_file_with_runtime_dependencies(/home/luke/Thesis/SwarmExploration_ws/install/swarm_slam/share/colcon-core/packages/swarm_slam)
[2.495s] DEBUG:colcon.colcon_parallel_executor.executor.parallel:closing loop
[2.496s] DEBUG:colcon.colcon_parallel_executor.executor.parallel:loop closed
[2.496s] DEBUG:colcon.colcon_parallel_executor.executor.parallel:run_until_complete finished with '0'
[2.496s] DEBUG:colcon.colcon_core.event_reactor:joining thread
[2.503s] INFO:colcon.colcon_core.plugin_system:Skipping extension 'colcon_notification.desktop_notification.terminal_notifier': Not used on non-Darwin systems
[2.503s] INFO:colcon.colcon_core.plugin_system:Skipping extension 'colcon_notification.desktop_notification.win32': Not used on non-Windows systems
[2.503s] INFO:colcon.colcon_notification.desktop_notification:Sending desktop notification using 'notify2'
[2.525s] DEBUG:colcon.colcon_core.event_reactor:joined thread
[2.526s] INFO:colcon.colcon_core.shell:Creating prefix script '/home/luke/Thesis/SwarmExploration_ws/install/local_setup.ps1'
[2.527s] INFO:colcon.colcon_core.shell:Creating prefix util module '/home/luke/Thesis/SwarmExploration_ws/install/_local_setup_util_ps1.py'
[2.529s] INFO:colcon.colcon_core.shell:Creating prefix chain script '/home/luke/Thesis/SwarmExploration_ws/install/setup.ps1'
[2.531s] INFO:colcon.colcon_core.shell:Creating prefix script '/home/luke/Thesis/SwarmExploration_ws/install/local_setup.sh'
[2.532s] INFO:colcon.colcon_core.shell:Creating prefix util module '/home/luke/Thesis/SwarmExploration_ws/install/_local_setup_util_sh.py'
[2.532s] INFO:colcon.colcon_core.shell:Creating prefix chain script '/home/luke/Thesis/SwarmExploration_ws/install/setup.sh'
[2.534s] INFO:colcon.colcon_core.shell:Creating prefix script '/home/luke/Thesis/SwarmExploration_ws/install/local_setup.bash'
[2.535s] INFO:colcon.colcon_core.shell:Creating prefix chain script '/home/luke/Thesis/SwarmExploration_ws/install/setup.bash'
[2.536s] INFO:colcon.colcon_core.shell:Creating prefix script '/home/luke/Thesis/SwarmExploration_ws/install/local_setup.zsh'
[2.537s] INFO:colcon.colcon_core.shell:Creating prefix chain script '/home/luke/Thesis/SwarmExploration_ws/install/setup.zsh'
