running egg_info
writing ../../build/swarm_slam/swarm_slam.egg-info/PKG-INFO
writing dependency_links to ../../build/swarm_slam/swarm_slam.egg-info/dependency_links.txt
writing entry points to ../../build/swarm_slam/swarm_slam.egg-info/entry_points.txt
writing requirements to ../../build/swarm_slam/swarm_slam.egg-info/requires.txt
writing top-level names to ../../build/swarm_slam/swarm_slam.egg-info/top_level.txt
reading manifest file '../../build/swarm_slam/swarm_slam.egg-info/SOURCES.txt'
writing manifest file '../../build/swarm_slam/swarm_slam.egg-info/SOURCES.txt'
running build
running build_py
creating /home/luke/Thesis/SwarmExploration_ws/build/swarm_slam/build
creating /home/luke/Thesis/SwarmExploration_ws/build/swarm_slam/build/lib
creating /home/luke/Thesis/SwarmExploration_ws/build/swarm_slam/build/lib/swarm_slam
copying swarm_slam/__init__.py -> /home/luke/Thesis/SwarmExploration_ws/build/swarm_slam/build/lib/swarm_slam
running install
running install_lib
creating /home/luke/Thesis/SwarmExploration_ws/install/swarm_slam/lib/python3.8/site-packages/swarm_slam
copying /home/luke/Thesis/SwarmExploration_ws/build/swarm_slam/build/lib/swarm_slam/__init__.py -> /home/luke/Thesis/SwarmExploration_ws/install/swarm_slam/lib/python3.8/site-packages/swarm_slam
byte-compiling /home/luke/Thesis/SwarmExploration_ws/install/swarm_slam/lib/python3.8/site-packages/swarm_slam/__init__.py to __init__.cpython-38.pyc
running install_data
copying package.xml -> /home/luke/Thesis/SwarmExploration_ws/install/swarm_slam/share/swarm_slam
copying launch/swarm_slam.launch.py -> /home/luke/Thesis/SwarmExploration_ws/install/swarm_slam/share/swarm_slam
creating /home/luke/Thesis/SwarmExploration_ws/install/swarm_slam/share/swarm_slam/config
copying config/turtlebot3_slam_config.lua -> /home/luke/Thesis/SwarmExploration_ws/install/swarm_slam/share/swarm_slam/config
running install_egg_info
Copying ../../build/swarm_slam/swarm_slam.egg-info to /home/luke/Thesis/SwarmExploration_ws/install/swarm_slam/lib/python3.8/site-packages/swarm_slam-1.0.0-py3.8.egg-info
running install_scripts
Installing multi_robot_slam script to /home/luke/Thesis/SwarmExploration_ws/install/swarm_slam/bin
writing list of installed files to '/home/luke/Thesis/SwarmExploration_ws/build/swarm_slam/install.log'
