[0.475s] Invoking command in '/home/luke/Thesis/SwarmExploration_ws/src/swarm_slam': PYTHONPATH=/home/luke/Thesis/SwarmExploration_ws/build/swarm_slam/prefix_override:/home/luke/Thesis/SwarmExploration_ws/install/swarm_slam/lib/python3.8/site-packages:${PYTHONPATH} /usr/bin/python3 -W ignore:setup.py install is deprecated setup.py egg_info --egg-base ../../build/swarm_slam build --build-base /home/luke/Thesis/SwarmExploration_ws/build/swarm_slam/build install --record /home/luke/Thesis/SwarmExploration_ws/build/swarm_slam/install.log --single-version-externally-managed install_data
[0.636s] running egg_info
[0.636s] writing ../../build/swarm_slam/swarm_slam.egg-info/PKG-INFO
[0.636s] writing dependency_links to ../../build/swarm_slam/swarm_slam.egg-info/dependency_links.txt
[0.636s] writing entry points to ../../build/swarm_slam/swarm_slam.egg-info/entry_points.txt
[0.636s] writing requirements to ../../build/swarm_slam/swarm_slam.egg-info/requires.txt
[0.636s] writing top-level names to ../../build/swarm_slam/swarm_slam.egg-info/top_level.txt
[0.657s] reading manifest file '../../build/swarm_slam/swarm_slam.egg-info/SOURCES.txt'
[0.658s] writing manifest file '../../build/swarm_slam/swarm_slam.egg-info/SOURCES.txt'
[0.658s] running build
[0.658s] running build_py
[0.658s] creating /home/luke/Thesis/SwarmExploration_ws/build/swarm_slam/build
[0.658s] creating /home/luke/Thesis/SwarmExploration_ws/build/swarm_slam/build/lib
[0.658s] creating /home/luke/Thesis/SwarmExploration_ws/build/swarm_slam/build/lib/swarm_slam
[0.658s] copying swarm_slam/__init__.py -> /home/luke/Thesis/SwarmExploration_ws/build/swarm_slam/build/lib/swarm_slam
[0.658s] running install
[0.658s] running install_lib
[0.659s] creating /home/luke/Thesis/SwarmExploration_ws/install/swarm_slam/lib/python3.8/site-packages/swarm_slam
[0.659s] copying /home/luke/Thesis/SwarmExploration_ws/build/swarm_slam/build/lib/swarm_slam/__init__.py -> /home/luke/Thesis/SwarmExploration_ws/install/swarm_slam/lib/python3.8/site-packages/swarm_slam
[0.659s] byte-compiling /home/luke/Thesis/SwarmExploration_ws/install/swarm_slam/lib/python3.8/site-packages/swarm_slam/__init__.py to __init__.cpython-38.pyc
[0.660s] running install_data
[0.660s] copying package.xml -> /home/luke/Thesis/SwarmExploration_ws/install/swarm_slam/share/swarm_slam
[0.660s] copying launch/swarm_slam.launch.py -> /home/luke/Thesis/SwarmExploration_ws/install/swarm_slam/share/swarm_slam
[0.660s] creating /home/luke/Thesis/SwarmExploration_ws/install/swarm_slam/share/swarm_slam/config
[0.660s] copying config/turtlebot3_slam_config.lua -> /home/luke/Thesis/SwarmExploration_ws/install/swarm_slam/share/swarm_slam/config
[0.660s] running install_egg_info
[0.661s] Copying ../../build/swarm_slam/swarm_slam.egg-info to /home/luke/Thesis/SwarmExploration_ws/install/swarm_slam/lib/python3.8/site-packages/swarm_slam-1.0.0-py3.8.egg-info
[0.662s] running install_scripts
[0.672s] Installing multi_robot_slam script to /home/luke/Thesis/SwarmExploration_ws/install/swarm_slam/bin
[0.672s] writing list of installed files to '/home/luke/Thesis/SwarmExploration_ws/build/swarm_slam/install.log'
[0.684s] Invoked command in '/home/luke/Thesis/SwarmExploration_ws/src/swarm_slam' returned '0': PYTHONPATH=/home/luke/Thesis/SwarmExploration_ws/build/swarm_slam/prefix_override:/home/luke/Thesis/SwarmExploration_ws/install/swarm_slam/lib/python3.8/site-packages:${PYTHONPATH} /usr/bin/python3 -W ignore:setup.py install is deprecated setup.py egg_info --egg-base ../../build/swarm_slam build --build-base /home/luke/Thesis/SwarmExploration_ws/build/swarm_slam/build install --record /home/luke/Thesis/SwarmExploration_ws/build/swarm_slam/install.log --single-version-externally-managed install_data
