[1.097s] Invoking command in '/home/luke/Thesis/SwarmExploration_ws/src/swarm_slam': PYTHONPATH=/home/luke/Thesis/SwarmExploration_ws/build/swarm_slam/prefix_override:/home/luke/Thesis/SwarmExploration_ws/install/swarm_slam/lib/python3.8/site-packages:${PYTHONPATH} /usr/bin/python3 -W ignore:setup.py install is deprecated setup.py egg_info --egg-base ../../build/swarm_slam build --build-base /home/luke/Thesis/SwarmExploration_ws/build/swarm_slam/build install --record /home/luke/Thesis/SwarmExploration_ws/build/swarm_slam/install.log --single-version-externally-managed install_data
[1.490s] running egg_info
[1.491s] writing ../../build/swarm_slam/swarm_slam.egg-info/PKG-INFO
[1.491s] writing dependency_links to ../../build/swarm_slam/swarm_slam.egg-info/dependency_links.txt
[1.492s] writing entry points to ../../build/swarm_slam/swarm_slam.egg-info/entry_points.txt
[1.492s] writing requirements to ../../build/swarm_slam/swarm_slam.egg-info/requires.txt
[1.492s] writing top-level names to ../../build/swarm_slam/swarm_slam.egg-info/top_level.txt
[1.548s] reading manifest file '../../build/swarm_slam/swarm_slam.egg-info/SOURCES.txt'
[1.549s] writing manifest file '../../build/swarm_slam/swarm_slam.egg-info/SOURCES.txt'
[1.550s] running build
[1.551s] running build_py
[1.552s] running install
[1.554s] running install_lib
[1.558s] running install_data
[1.559s] copying config/turtlebot3_slam_config.lua -> /home/luke/Thesis/SwarmExploration_ws/install/swarm_slam/share/swarm_slam/config
[1.561s] running install_egg_info
[1.564s] removing '/home/luke/Thesis/SwarmExploration_ws/install/swarm_slam/lib/python3.8/site-packages/swarm_slam-1.0.0-py3.8.egg-info' (and everything under it)
[1.586s] Copying ../../build/swarm_slam/swarm_slam.egg-info to /home/luke/Thesis/SwarmExploration_ws/install/swarm_slam/lib/python3.8/site-packages/swarm_slam-1.0.0-py3.8.egg-info
[1.592s] running install_scripts
[1.620s] Installing multi_robot_slam script to /home/luke/Thesis/SwarmExploration_ws/install/swarm_slam/bin
[1.622s] writing list of installed files to '/home/luke/Thesis/SwarmExploration_ws/build/swarm_slam/install.log'
[1.654s] Invoked command in '/home/luke/Thesis/SwarmExploration_ws/src/swarm_slam' returned '0': PYTHONPATH=/home/luke/Thesis/SwarmExploration_ws/build/swarm_slam/prefix_override:/home/luke/Thesis/SwarmExploration_ws/install/swarm_slam/lib/python3.8/site-packages:${PYTHONPATH} /usr/bin/python3 -W ignore:setup.py install is deprecated setup.py egg_info --egg-base ../../build/swarm_slam build --build-base /home/luke/Thesis/SwarmExploration_ws/build/swarm_slam/build install --record /home/luke/Thesis/SwarmExploration_ws/build/swarm_slam/install.log --single-version-externally-managed install_data
