[0.545s] Invoking command in '/home/luke/Thesis/SwarmExploration_ws/src/swarm_slam': PYTHONPATH=/home/luke/Thesis/SwarmExploration_ws/build/swarm_slam/prefix_override:/home/luke/Thesis/SwarmExploration_ws/install/swarm_slam/lib/python3.8/site-packages:${PYTHONPATH} /usr/bin/python3 -W ignore:setup.py install is deprecated setup.py egg_info --egg-base ../../build/swarm_slam build --build-base /home/luke/Thesis/SwarmExploration_ws/build/swarm_slam/build install --record /home/luke/Thesis/SwarmExploration_ws/build/swarm_slam/install.log --single-version-externally-managed install_data
[0.729s] running egg_info
[0.730s] writing ../../build/swarm_slam/swarm_slam.egg-info/PKG-INFO
[0.730s] writing dependency_links to ../../build/swarm_slam/swarm_slam.egg-info/dependency_links.txt
[0.730s] writing entry points to ../../build/swarm_slam/swarm_slam.egg-info/entry_points.txt
[0.730s] writing requirements to ../../build/swarm_slam/swarm_slam.egg-info/requires.txt
[0.730s] writing top-level names to ../../build/swarm_slam/swarm_slam.egg-info/top_level.txt
[0.755s] reading manifest file '../../build/swarm_slam/swarm_slam.egg-info/SOURCES.txt'
[0.756s] writing manifest file '../../build/swarm_slam/swarm_slam.egg-info/SOURCES.txt'
[0.756s] running build
[0.756s] running build_py
[0.756s] running install
[0.756s] running install_lib
[0.757s] running install_data
[0.757s] copying launch/swarm_slam.launch.py -> /home/luke/Thesis/SwarmExploration_ws/install/swarm_slam/share/swarm_slam
[0.758s] running install_egg_info
[0.759s] removing '/home/luke/Thesis/SwarmExploration_ws/install/swarm_slam/lib/python3.8/site-packages/swarm_slam-1.0.0-py3.8.egg-info' (and everything under it)
[0.759s] Copying ../../build/swarm_slam/swarm_slam.egg-info to /home/luke/Thesis/SwarmExploration_ws/install/swarm_slam/lib/python3.8/site-packages/swarm_slam-1.0.0-py3.8.egg-info
[0.759s] running install_scripts
[0.771s] Installing multi_robot_slam script to /home/luke/Thesis/SwarmExploration_ws/install/swarm_slam/bin
[0.772s] writing list of installed files to '/home/luke/Thesis/SwarmExploration_ws/build/swarm_slam/install.log'
[0.784s] Invoked command in '/home/luke/Thesis/SwarmExploration_ws/src/swarm_slam' returned '0': PYTHONPATH=/home/luke/Thesis/SwarmExploration_ws/build/swarm_slam/prefix_override:/home/luke/Thesis/SwarmExploration_ws/install/swarm_slam/lib/python3.8/site-packages:${PYTHONPATH} /usr/bin/python3 -W ignore:setup.py install is deprecated setup.py egg_info --egg-base ../../build/swarm_slam build --build-base /home/luke/Thesis/SwarmExploration_ws/build/swarm_slam/build install --record /home/luke/Thesis/SwarmExploration_ws/build/swarm_slam/install.log --single-version-externally-managed install_data
