[0.176s] DEBUG:colcon:Command line arguments: ['/usr/bin/colcon', 'build', '--symlink-install', '--allow-overriding', 'swarm_slam']
[0.176s] DEBUG:colcon:Parsed command line arguments: Namespace(allow_overriding=['swarm_slam'], ament_cmake_args=None, base_paths=['.'], build_base='build', catkin_cmake_args=None, catkin_skip_building_tests=False, cmake_args=None, cmake_clean_cache=False, cmake_clean_first=False, cmake_force_configure=False, cmake_target=None, cmake_target_skip_unavailable=False, continue_on_error=False, event_handlers=None, executor='parallel', ignore_user_meta=False, install_base='install', log_base=None, log_level=None, main=<bound method BuildVerb.main of <colcon_core.verb.build.BuildVerb object at 0x7ff3d17a9ac0>>, merge_install=False, metas=['./colcon.meta'], packages_above=None, packages_above_and_dependencies=None, packages_above_depth=None, packages_end=None, packages_ignore=None, packages_ignore_regex=None, packages_select=None, packages_select_build_failed=False, packages_select_by_dep=None, packages_select_regex=None, packages_select_test_failures=False, packages_skip=None, packages_skip_build_finished=False, packages_skip_by_dep=None, packages_skip_regex=None, packages_skip_test_passed=False, packages_skip_up_to=None, packages_start=None, packages_up_to=None, packages_up_to_regex=None, parallel_workers=16, paths=None, symlink_install=True, test_result_base=None, verb_extension=<colcon_core.verb.build.BuildVerb object at 0x7ff3d17a9ac0>, verb_name='build', verb_parser=<colcon_defaults.argument_parser.defaults.DefaultArgumentsDecorator object at 0x7ff3d1659b20>)
[0.304s] Level 1:colcon.colcon_core.package_discovery:discover_packages(colcon_meta) check parameters
[0.304s] Level 1:colcon.colcon_core.package_discovery:discover_packages(recursive) check parameters
[0.304s] Level 1:colcon.colcon_core.package_discovery:discover_packages(ignore) check parameters
[0.304s] Level 1:colcon.colcon_core.package_discovery:discover_packages(path) check parameters
[0.304s] Level 1:colcon.colcon_core.package_discovery:discover_packages(colcon_meta) discover
[0.304s] Level 1:colcon.colcon_core.package_discovery:discover_packages(recursive) discover
[0.304s] INFO:colcon.colcon_core.package_discovery:Crawling recursively for packages in '/home/luke/Thesis/SwarmExploration_ws'
[0.304s] Level 1:colcon.colcon_core.package_identification:_identify(.) by extensions ['ignore', 'ignore_ament_install']
[0.304s] Level 1:colcon.colcon_core.package_identification:_identify(.) by extension 'ignore'
[0.304s] Level 1:colcon.colcon_core.package_identification:_identify(.) by extension 'ignore_ament_install'
[0.304s] Level 1:colcon.colcon_core.package_identification:_identify(.) by extensions ['colcon_pkg']
[0.304s] Level 1:colcon.colcon_core.package_identification:_identify(.) by extension 'colcon_pkg'
[0.304s] Level 1:colcon.colcon_core.package_identification:_identify(.) by extensions ['colcon_meta']
[0.304s] Level 1:colcon.colcon_core.package_identification:_identify(.) by extension 'colcon_meta'
[0.304s] Level 1:colcon.colcon_core.package_identification:_identify(.) by extensions ['ros']
[0.305s] Level 1:colcon.colcon_core.package_identification:_identify(.) by extension 'ros'
[0.311s] Level 1:colcon.colcon_core.package_identification:_identify(.) by extensions ['cmake', 'python']
[0.311s] Level 1:colcon.colcon_core.package_identification:_identify(.) by extension 'cmake'
[0.311s] Level 1:colcon.colcon_core.package_identification:_identify(.) by extension 'python'
[0.312s] Level 1:colcon.colcon_core.package_identification:_identify(.) by extensions ['python_setup_py']
[0.312s] Level 1:colcon.colcon_core.package_identification:_identify(.) by extension 'python_setup_py'
[0.312s] Level 1:colcon.colcon_core.package_identification:_identify(build) by extensions ['ignore', 'ignore_ament_install']
[0.312s] Level 1:colcon.colcon_core.package_identification:_identify(build) by extension 'ignore'
[0.312s] Level 1:colcon.colcon_core.package_identification:_identify(build) ignored
[0.312s] Level 1:colcon.colcon_core.package_identification:_identify(install) by extensions ['ignore', 'ignore_ament_install']
[0.312s] Level 1:colcon.colcon_core.package_identification:_identify(install) by extension 'ignore'
[0.312s] Level 1:colcon.colcon_core.package_identification:_identify(install) ignored
[0.312s] Level 1:colcon.colcon_core.package_identification:_identify(log) by extensions ['ignore', 'ignore_ament_install']
[0.312s] Level 1:colcon.colcon_core.package_identification:_identify(log) by extension 'ignore'
[0.312s] Level 1:colcon.colcon_core.package_identification:_identify(log) ignored
[0.312s] Level 1:colcon.colcon_core.package_identification:_identify(src) by extensions ['ignore', 'ignore_ament_install']
[0.312s] Level 1:colcon.colcon_core.package_identification:_identify(src) by extension 'ignore'
[0.312s] Level 1:colcon.colcon_core.package_identification:_identify(src) by extension 'ignore_ament_install'
[0.312s] Level 1:colcon.colcon_core.package_identification:_identify(src) by extensions ['colcon_pkg']
[0.312s] Level 1:colcon.colcon_core.package_identification:_identify(src) by extension 'colcon_pkg'
[0.312s] Level 1:colcon.colcon_core.package_identification:_identify(src) by extensions ['colcon_meta']
[0.312s] Level 1:colcon.colcon_core.package_identification:_identify(src) by extension 'colcon_meta'
[0.312s] Level 1:colcon.colcon_core.package_identification:_identify(src) by extensions ['ros']
[0.312s] Level 1:colcon.colcon_core.package_identification:_identify(src) by extension 'ros'
[0.312s] Level 1:colcon.colcon_core.package_identification:_identify(src) by extensions ['cmake', 'python']
[0.312s] Level 1:colcon.colcon_core.package_identification:_identify(src) by extension 'cmake'
[0.312s] Level 1:colcon.colcon_core.package_identification:_identify(src) by extension 'python'
[0.312s] Level 1:colcon.colcon_core.package_identification:_identify(src) by extensions ['python_setup_py']
[0.312s] Level 1:colcon.colcon_core.package_identification:_identify(src) by extension 'python_setup_py'
[0.312s] Level 1:colcon.colcon_core.package_identification:_identify(src/swarm_slam) by extensions ['ignore', 'ignore_ament_install']
[0.312s] Level 1:colcon.colcon_core.package_identification:_identify(src/swarm_slam) by extension 'ignore'
[0.312s] Level 1:colcon.colcon_core.package_identification:_identify(src/swarm_slam) by extension 'ignore_ament_install'
[0.312s] Level 1:colcon.colcon_core.package_identification:_identify(src/swarm_slam) by extensions ['colcon_pkg']
[0.313s] Level 1:colcon.colcon_core.package_identification:_identify(src/swarm_slam) by extension 'colcon_pkg'
[0.313s] Level 1:colcon.colcon_core.package_identification:_identify(src/swarm_slam) by extensions ['colcon_meta']
[0.313s] Level 1:colcon.colcon_core.package_identification:_identify(src/swarm_slam) by extension 'colcon_meta'
[0.313s] Level 1:colcon.colcon_core.package_identification:_identify(src/swarm_slam) by extensions ['ros']
[0.313s] Level 1:colcon.colcon_core.package_identification:_identify(src/swarm_slam) by extension 'ros'
[0.314s] DEBUG:colcon.colcon_core.package_identification:Package 'src/swarm_slam' with type 'ros.ament_python' and name 'swarm_slam'
[0.314s] Level 1:colcon.colcon_core.package_discovery:discover_packages(recursive) using defaults
[0.314s] Level 1:colcon.colcon_core.package_discovery:discover_packages(ignore) discover
[0.314s] Level 1:colcon.colcon_core.package_discovery:discover_packages(ignore) using defaults
[0.314s] Level 1:colcon.colcon_core.package_discovery:discover_packages(path) discover
[0.314s] Level 1:colcon.colcon_core.package_discovery:discover_packages(path) using defaults
[0.334s] Level 1:colcon.colcon_core.package_discovery:discover_packages(prefix_path) check parameters
[0.334s] Level 1:colcon.colcon_core.package_discovery:discover_packages(prefix_path) discover
[0.336s] DEBUG:colcon.colcon_installed_package_information.package_discovery:Found 12 installed packages in /home/luke/turtlebot3_ws/install
[0.336s] DEBUG:colcon.colcon_installed_package_information.package_discovery:Found 18 installed packages in /home/luke/ROS2swarm/install
[0.337s] DEBUG:colcon.colcon_installed_package_information.package_discovery:Found 336 installed packages in /opt/ros/foxy
[0.339s] Level 1:colcon.colcon_core.package_discovery:discover_packages(prefix_path) using defaults
[0.387s] Level 5:colcon.colcon_core.verb:set package 'swarm_slam' build argument 'cmake_args' from command line to 'None'
[0.387s] Level 5:colcon.colcon_core.verb:set package 'swarm_slam' build argument 'cmake_target' from command line to 'None'
[0.387s] Level 5:colcon.colcon_core.verb:set package 'swarm_slam' build argument 'cmake_target_skip_unavailable' from command line to 'False'
[0.387s] Level 5:colcon.colcon_core.verb:set package 'swarm_slam' build argument 'cmake_clean_cache' from command line to 'False'
[0.387s] Level 5:colcon.colcon_core.verb:set package 'swarm_slam' build argument 'cmake_clean_first' from command line to 'False'
[0.387s] Level 5:colcon.colcon_core.verb:set package 'swarm_slam' build argument 'cmake_force_configure' from command line to 'False'
[0.387s] Level 5:colcon.colcon_core.verb:set package 'swarm_slam' build argument 'ament_cmake_args' from command line to 'None'
[0.387s] Level 5:colcon.colcon_core.verb:set package 'swarm_slam' build argument 'catkin_cmake_args' from command line to 'None'
[0.387s] Level 5:colcon.colcon_core.verb:set package 'swarm_slam' build argument 'catkin_skip_building_tests' from command line to 'False'
[0.387s] DEBUG:colcon.colcon_core.verb:Building package 'swarm_slam' with the following arguments: {'ament_cmake_args': None, 'build_base': '/home/luke/Thesis/SwarmExploration_ws/build/swarm_slam', 'catkin_cmake_args': None, 'catkin_skip_building_tests': False, 'cmake_args': None, 'cmake_clean_cache': False, 'cmake_clean_first': False, 'cmake_force_configure': False, 'cmake_target': None, 'cmake_target_skip_unavailable': False, 'install_base': '/home/luke/Thesis/SwarmExploration_ws/install/swarm_slam', 'merge_install': False, 'path': '/home/luke/Thesis/SwarmExploration_ws/src/swarm_slam', 'symlink_install': True, 'test_result_base': None}
[0.387s] INFO:colcon.colcon_core.executor:Executing jobs using 'parallel' executor
[0.388s] DEBUG:colcon.colcon_parallel_executor.executor.parallel:run_until_complete
[0.389s] INFO:colcon.colcon_ros.task.ament_python.build:Building ROS package in '/home/luke/Thesis/SwarmExploration_ws/src/swarm_slam' with build type 'ament_python'
[0.389s] Level 1:colcon.colcon_core.shell:create_environment_hook('swarm_slam', 'ament_prefix_path')
[0.390s] INFO:colcon.colcon_core.plugin_system:Skipping extension 'colcon_core.shell.bat': Not used on non-Windows systems
[0.390s] INFO:colcon.colcon_core.shell:Creating environment hook '/home/luke/Thesis/SwarmExploration_ws/install/swarm_slam/share/swarm_slam/hook/ament_prefix_path.ps1'
[0.391s] INFO:colcon.colcon_core.shell:Creating environment descriptor '/home/luke/Thesis/SwarmExploration_ws/install/swarm_slam/share/swarm_slam/hook/ament_prefix_path.dsv'
[0.391s] INFO:colcon.colcon_core.shell:Creating environment hook '/home/luke/Thesis/SwarmExploration_ws/install/swarm_slam/share/swarm_slam/hook/ament_prefix_path.sh'
[0.391s] INFO:colcon.colcon_core.shell:Skip shell extension 'powershell' for command environment: Not usable outside of PowerShell
[0.392s] DEBUG:colcon.colcon_core.shell:Skip shell extension 'dsv' for command environment
[0.594s] INFO:colcon.colcon_core.task.python.build:Building Python package in '/home/luke/Thesis/SwarmExploration_ws/src/swarm_slam'
[0.594s] INFO:colcon.colcon_core.shell:Skip shell extension 'powershell' for command environment: Not usable outside of PowerShell
[0.594s] DEBUG:colcon.colcon_core.shell:Skip shell extension 'dsv' for command environment
[0.964s] DEBUG:colcon.colcon_core.event_handler.log_command:Invoking command in '/home/luke/Thesis/SwarmExploration_ws/build/swarm_slam': PYTHONPATH=/home/luke/Thesis/SwarmExploration_ws/build/swarm_slam/prefix_override:/home/luke/Thesis/SwarmExploration_ws/install/swarm_slam/lib/python3.8/site-packages:${PYTHONPATH} /usr/bin/python3 -W ignore:setup.py install is deprecated setup.py develop --editable --build-directory /home/luke/Thesis/SwarmExploration_ws/build/swarm_slam/build --no-deps symlink_data
[1.369s] Level 1:colcon.colcon_core.shell:create_environment_hook('swarm_slam', 'pythonpath_develop')
[1.369s] INFO:colcon.colcon_core.shell:Creating environment hook '/home/luke/Thesis/SwarmExploration_ws/build/swarm_slam/share/swarm_slam/hook/pythonpath_develop.ps1'
[1.370s] DEBUG:colcon.colcon_core.event_handler.log_command:Invoked command in '/home/luke/Thesis/SwarmExploration_ws/build/swarm_slam' returned '0': PYTHONPATH=/home/luke/Thesis/SwarmExploration_ws/build/swarm_slam/prefix_override:/home/luke/Thesis/SwarmExploration_ws/install/swarm_slam/lib/python3.8/site-packages:${PYTHONPATH} /usr/bin/python3 -W ignore:setup.py install is deprecated setup.py develop --editable --build-directory /home/luke/Thesis/SwarmExploration_ws/build/swarm_slam/build --no-deps symlink_data
[1.370s] INFO:colcon.colcon_core.shell:Creating environment descriptor '/home/luke/Thesis/SwarmExploration_ws/build/swarm_slam/share/swarm_slam/hook/pythonpath_develop.dsv'
[1.371s] INFO:colcon.colcon_core.shell:Creating environment hook '/home/luke/Thesis/SwarmExploration_ws/build/swarm_slam/share/swarm_slam/hook/pythonpath_develop.sh'
[1.373s] Level 1:colcon.colcon_core.environment:checking '/home/luke/Thesis/SwarmExploration_ws/install/swarm_slam' for CMake module files
[1.373s] Level 1:colcon.colcon_core.environment:checking '/home/luke/Thesis/SwarmExploration_ws/install/swarm_slam' for CMake config files
[1.373s] Level 1:colcon.colcon_core.environment:checking '/home/luke/Thesis/SwarmExploration_ws/install/swarm_slam/lib'
[1.373s] Level 1:colcon.colcon_core.environment:checking '/home/luke/Thesis/SwarmExploration_ws/install/swarm_slam/bin'
[1.374s] Level 1:colcon.colcon_core.shell:create_environment_hook('swarm_slam', 'path')
[1.374s] INFO:colcon.colcon_core.shell:Creating environment hook '/home/luke/Thesis/SwarmExploration_ws/install/swarm_slam/share/swarm_slam/hook/path.ps1'
[1.374s] INFO:colcon.colcon_core.shell:Creating environment descriptor '/home/luke/Thesis/SwarmExploration_ws/install/swarm_slam/share/swarm_slam/hook/path.dsv'
[1.374s] INFO:colcon.colcon_core.shell:Creating environment hook '/home/luke/Thesis/SwarmExploration_ws/install/swarm_slam/share/swarm_slam/hook/path.sh'
[1.374s] Level 1:colcon.colcon_core.environment:checking '/home/luke/Thesis/SwarmExploration_ws/install/swarm_slam/lib/pkgconfig/swarm_slam.pc'
[1.374s] Level 1:colcon.colcon_core.environment:checking '/home/luke/Thesis/SwarmExploration_ws/install/swarm_slam/lib/python3.8/site-packages'
[1.375s] Level 1:colcon.colcon_core.shell:create_environment_hook('swarm_slam', 'pythonpath')
[1.375s] INFO:colcon.colcon_core.shell:Creating environment hook '/home/luke/Thesis/SwarmExploration_ws/install/swarm_slam/share/swarm_slam/hook/pythonpath.ps1'
[1.375s] INFO:colcon.colcon_core.shell:Creating environment descriptor '/home/luke/Thesis/SwarmExploration_ws/install/swarm_slam/share/swarm_slam/hook/pythonpath.dsv'
[1.375s] INFO:colcon.colcon_core.shell:Creating environment hook '/home/luke/Thesis/SwarmExploration_ws/install/swarm_slam/share/swarm_slam/hook/pythonpath.sh'
[1.376s] Level 1:colcon.colcon_core.environment:checking '/home/luke/Thesis/SwarmExploration_ws/install/swarm_slam/bin'
[1.376s] Level 1:colcon.colcon_core.shell:create_environment_hook('swarm_slam', 'pythonscriptspath')
[1.376s] INFO:colcon.colcon_core.shell:Creating environment hook '/home/luke/Thesis/SwarmExploration_ws/install/swarm_slam/share/swarm_slam/hook/pythonscriptspath.ps1'
[1.376s] INFO:colcon.colcon_core.shell:Creating environment descriptor '/home/luke/Thesis/SwarmExploration_ws/install/swarm_slam/share/swarm_slam/hook/pythonscriptspath.dsv'
[1.377s] INFO:colcon.colcon_core.shell:Creating environment hook '/home/luke/Thesis/SwarmExploration_ws/install/swarm_slam/share/swarm_slam/hook/pythonscriptspath.sh'
[1.377s] Level 1:colcon.colcon_core.environment:create_environment_scripts_only(swarm_slam)
[1.378s] INFO:colcon.colcon_core.shell:Creating package script '/home/luke/Thesis/SwarmExploration_ws/install/swarm_slam/share/swarm_slam/package.ps1'
[1.379s] INFO:colcon.colcon_core.shell:Creating package descriptor '/home/luke/Thesis/SwarmExploration_ws/install/swarm_slam/share/swarm_slam/package.dsv'
[1.379s] INFO:colcon.colcon_core.shell:Creating package script '/home/luke/Thesis/SwarmExploration_ws/install/swarm_slam/share/swarm_slam/package.sh'
[1.380s] INFO:colcon.colcon_core.shell:Creating package script '/home/luke/Thesis/SwarmExploration_ws/install/swarm_slam/share/swarm_slam/package.bash'
[1.381s] INFO:colcon.colcon_core.shell:Creating package script '/home/luke/Thesis/SwarmExploration_ws/install/swarm_slam/share/swarm_slam/package.zsh'
[1.381s] Level 1:colcon.colcon_core.environment:create_file_with_runtime_dependencies(/home/luke/Thesis/SwarmExploration_ws/install/swarm_slam/share/colcon-core/packages/swarm_slam)
[1.381s] DEBUG:colcon.colcon_parallel_executor.executor.parallel:closing loop
[1.381s] DEBUG:colcon.colcon_parallel_executor.executor.parallel:loop closed
[1.381s] DEBUG:colcon.colcon_parallel_executor.executor.parallel:run_until_complete finished with '0'
[1.382s] DEBUG:colcon.colcon_core.event_reactor:joining thread
[1.387s] INFO:colcon.colcon_core.plugin_system:Skipping extension 'colcon_notification.desktop_notification.terminal_notifier': Not used on non-Darwin systems
[1.387s] INFO:colcon.colcon_core.plugin_system:Skipping extension 'colcon_notification.desktop_notification.win32': Not used on non-Windows systems
[1.387s] INFO:colcon.colcon_notification.desktop_notification:Sending desktop notification using 'notify2'
[1.396s] DEBUG:colcon.colcon_core.event_reactor:joined thread
[1.397s] INFO:colcon.colcon_core.shell:Creating prefix script '/home/luke/Thesis/SwarmExploration_ws/install/local_setup.ps1'
[1.398s] INFO:colcon.colcon_core.shell:Creating prefix util module '/home/luke/Thesis/SwarmExploration_ws/install/_local_setup_util_ps1.py'
[1.399s] INFO:colcon.colcon_core.shell:Creating prefix chain script '/home/luke/Thesis/SwarmExploration_ws/install/setup.ps1'
[1.400s] INFO:colcon.colcon_core.shell:Creating prefix script '/home/luke/Thesis/SwarmExploration_ws/install/local_setup.sh'
[1.400s] INFO:colcon.colcon_core.shell:Creating prefix util module '/home/luke/Thesis/SwarmExploration_ws/install/_local_setup_util_sh.py'
[1.400s] INFO:colcon.colcon_core.shell:Creating prefix chain script '/home/luke/Thesis/SwarmExploration_ws/install/setup.sh'
[1.402s] INFO:colcon.colcon_core.shell:Creating prefix script '/home/luke/Thesis/SwarmExploration_ws/install/local_setup.bash'
[1.402s] INFO:colcon.colcon_core.shell:Creating prefix chain script '/home/luke/Thesis/SwarmExploration_ws/install/setup.bash'
[1.403s] INFO:colcon.colcon_core.shell:Creating prefix script '/home/luke/Thesis/SwarmExploration_ws/install/local_setup.zsh'
[1.403s] INFO:colcon.colcon_core.shell:Creating prefix chain script '/home/luke/Thesis/SwarmExploration_ws/install/setup.zsh'
